<?xml version="1.0" encoding="UTF-8"?>
<testsuite xmlns:xsi="http://www.w3.org/2001/XMLSchema-instance" xsi:noNamespaceSchemaLocation="https://maven.apache.org/surefire/maven-surefire-plugin/xsd/surefire-test-report.xsd" version="3.0.2" name="com.sahand.simple_web_server.SimpleWebServerApplicationTests" time="3.772" tests="1" errors="0" skipped="0" failures="0">
  <properties>
[...]
</properties>
  <testcase name="contextLoads" classname="com.sahand.simple_web_server.SimpleWebServerApplicationTests" time="1.053">
    <system-out><![CDATA[19:13:42.497 [main] INFO org.springframework.test.context.support.AnnotationConfigContextLoaderUtils -- Could not detect default configuration classes for test class [com.sahand.simple_web_server.SimpleWebServerApplicationTests]: SimpleWebServerApplicationTests does not declare any static, non-private, non-final, nested classes annotated with @Configuration.
19:13:42.642 [main] INFO org.springframework.boot.test.context.SpringBootTestContextBootstrapper -- Found @SpringBootConfiguration com.sahand.simple_web_server.SimpleWebServerApplication for test class com.sahand.simple_web_server.SimpleWebServerApplicationTests

  .   ____          _            __ _ _
 /\\ / ___'_ __ _ _(_)_ __  __ _ \ \ \ \
( ( )\___ | '_ | '_| | '_ \/ _` | \ \ \ \
 \\/  ___)| |_)| | | | | || (_| |  ) ) ) )
  '  |____| .__|_| |_|_| |_\__, | / / / /
 =========|_|==============|___/=/_/_/_/

 :: Spring Boot ::       (v3.4.0-SNAPSHOT)

2024-08-29T19:13:43.280-04:00  INFO 19468 --- [simple-web-server] [           main] c.s.s.SimpleWebServerApplicationTests    : Starting SimpleWebServerApplicationTests using Java 21.0.4 with PID 19468 (started by asris in C:\Users\asris\Documents\GitHub\simple-web-server)
2024-08-29T19:13:43.282-04:00  INFO 19468 --- [simple-web-server] [           main] c.s.s.SimpleWebServerApplicationTests    : No active profile set, falling back to 1 default profile: "default"
2024-08-29T19:13:44.938-04:00  INFO 19468 --- [simple-web-server] [           main] c.s.s.SimpleWebServerApplicationTests    : Started SimpleWebServerApplicationTests in 2.085 seconds (process running for 3.33)
]]></system-out>
    <system-err><![CDATA[WARNING: A Java agent has been loaded dynamically (C:\Users\asris\.m2\repository\net\bytebuddy\byte-buddy-agent\1.14.19\byte-buddy-agent-1.14.19.jar)
WARNING: If a serviceability tool is in use, please run with -XX:+EnableDynamicAgentLoading to hide this warning
WARNING: If a serviceability tool is not in use, please run with -Djdk.instrument.traceUsage for more information
WARNING: Dynamic loading of agents will be disallowed by default in a future release
]]></system-err>
  </testcase>
</testsuite>